2010-06-10 13:13:13,651 ERROR Can't open station file: java.io.FileNotFoundException: /home/jdedwards/asl_utilities/utils/xmax/gsn_sta_list (No such file or directory)
2010-07-13 11:40:37,975  WARN Deleting PlotDataProvider: IU/GNI/92/OCF due to absence of data
2010-07-13 11:40:37,976  WARN Deleting PlotDataProvider: IU/GNI/92/ACE due to absence of data
2010-07-13 11:40:39,392 ERROR File IU-GNI_4-20100712184401: Can't decompress data of block 1191, setting block data to 0: edu.iris.Fissures.FissuresException: IDL:iris.edu/Fissures/FissuresException:1.0 Codec Exception: Type 0 is not supported at this time.
2010-07-13 11:40:39,393 ERROR File IU-GNI_4-20100712184401: Can't decompress data of block 1192, setting block data to 0: edu.iris.Fissures.FissuresException: IDL:iris.edu/Fissures/FissuresException:1.0 Codec Exception: Type 0 is not supported at this time.
2010-07-13 11:40:39,394 ERROR File IU-GNI_4-20100712184401: Can't decompress data of block 1193, setting block data to 0: edu.iris.Fissures.FissuresException: IDL:iris.edu/Fissures/FissuresException:1.0 Codec Exception: Type 0 is not supported at this time.
2010-07-13 11:40:39,394 ERROR File IU-GNI_4-20100712184401: Can't decompress data of block 1194, setting block data to 0: edu.iris.Fissures.FissuresException: IDL:iris.edu/Fissures/FissuresException:1.0 Codec Exception: Type 0 is not supported at this time.
2010-07-13 11:40:39,395 ERROR File IU-GNI_4-20100712184401: Can't decompress data of block 1195, setting block data to 0: edu.iris.Fissures.FissuresException: IDL:iris.edu/Fissures/FissuresException:1.0 Codec Exception: Type 0 is not supported at this time.
2010-07-13 11:40:39,397 ERROR File IU-GNI_4-20100712184401: Can't decompress data of block 1196, setting block data to 0: edu.iris.Fissures.FissuresException: IDL:iris.edu/Fissures/FissuresException:1.0 Codec Exception: Type 0 is not supported at this time.
2010-07-13 11:40:39,399 ERROR File IU-GNI_4-20100712184401: Can't decompress data of block 1197, setting block data to 0: edu.iris.Fissures.FissuresException: IDL:iris.edu/Fissures/FissuresException:1.0 Codec Exception: Type 0 is not supported at this time.
2010-07-13 11:40:39,399 ERROR File IU-GNI_4-20100712184401: Can't decompress data of block 1198, setting block data to 0: edu.iris.Fissures.FissuresException: IDL:iris.edu/Fissures/FissuresException:1.0 Codec Exception: Type 0 is not supported at this time.
2010-07-13 11:40:39,399 ERROR File IU-GNI_4-20100712184401: Can't decompress data of block 1199, setting block data to 0: edu.iris.Fissures.FissuresException: IDL:iris.edu/Fissures/FissuresException:1.0 Codec Exception: Type 0 is not supported at this time.
2010-07-13 11:40:39,400 ERROR File IU-GNI_4-20100712184401: Can't decompress data of block 1200, setting block data to 0: edu.iris.Fissures.FissuresException: IDL:iris.edu/Fissures/FissuresException:1.0 Codec Exception: Type 0 is not supported at this time.
2010-07-13 11:40:39,400 ERROR File IU-GNI_4-20100712184401: Can't decompress data of block 1201, setting block data to 0: edu.iris.Fissures.FissuresException: IDL:iris.edu/Fissures/FissuresException:1.0 Codec Exception: Type 0 is not supported at this time.
2010-07-13 11:40:39,400 ERROR File IU-GNI_4-20100712184401: Can't decompress data of block 1202, setting block data to 0: edu.iris.Fissures.FissuresException: IDL:iris.edu/Fissures/FissuresException:1.0 Codec Exception: Type 0 is not supported at this time.
2010-07-13 11:40:39,401 ERROR File IU-GNI_4-20100712184401: Can't decompress data of block 1203, setting block data to 0: edu.iris.Fissures.FissuresException: IDL:iris.edu/Fissures/FissuresException:1.0 Codec Exception: Type 0 is not supported at this time.
2010-07-13 11:40:39,401 ERROR File IU-GNI_4-20100712184401: Can't decompress data of block 1204, setting block data to 0: edu.iris.Fissures.FissuresException: IDL:iris.edu/Fissures/FissuresException:1.0 Codec Exception: Type 0 is not supported at this time.
2010-07-13 11:40:39,401 ERROR File IU-GNI_4-20100712184401: Can't decompress data of block 1205, setting block data to 0: edu.iris.Fissures.FissuresException: IDL:iris.edu/Fissures/FissuresException:1.0 Codec Exception: Type 0 is not supported at this time.
2010-07-13 11:40:39,402 ERROR File IU-GNI_4-20100712184401: Can't decompress data of block 1206, setting block data to 0: edu.iris.Fissures.FissuresException: IDL:iris.edu/Fissures/FissuresException:1.0 Codec Exception: Type 0 is not supported at this time.
2010-07-13 11:40:39,402 ERROR File IU-GNI_4-20100712184401: Can't decompress data of block 1207, setting block data to 0: edu.iris.Fissures.FissuresException: IDL:iris.edu/Fissures/FissuresException:1.0 Codec Exception: Type 0 is not supported at this time.
2010-07-13 11:40:39,402 ERROR File IU-GNI_4-20100712184401: Can't decompress data of block 1208, setting block data to 0: edu.iris.Fissures.FissuresException: IDL:iris.edu/Fissures/FissuresException:1.0 Codec Exception: Type 0 is not supported at this time.
2010-07-13 11:40:39,403 ERROR File IU-GNI_4-20100712184401: Can't decompress data of block 1209, setting block data to 0: edu.iris.Fissures.FissuresException: IDL:iris.edu/Fissures/FissuresException:1.0 Codec Exception: Type 0 is not supported at this time.
2010-07-13 11:40:39,403 ERROR File IU-GNI_4-20100712184401: Can't decompress data of block 1210, setting block data to 0: edu.iris.Fissures.FissuresException: IDL:iris.edu/Fissures/FissuresException:1.0 Codec Exception: Type 0 is not supported at this time.
2010-07-13 11:40:39,403 ERROR File IU-GNI_4-20100712184401: Can't decompress data of block 1211, setting block data to 0: edu.iris.Fissures.FissuresException: IDL:iris.edu/Fissures/FissuresException:1.0 Codec Exception: Type 0 is not supported at this time.
2010-07-13 11:40:39,423 ERROR File IU-GNI_4-20100712184401: Can't decompress data of block 1212, setting block data to 0: edu.iris.Fissures.FissuresException: IDL:iris.edu/Fissures/FissuresException:1.0 Codec Exception: Type 0 is not supported at this time.
2010-07-13 11:40:39,423 ERROR File IU-GNI_4-20100712184401: Can't decompress data of block 1213, setting block data to 0: edu.iris.Fissures.FissuresException: IDL:iris.edu/Fissures/FissuresException:1.0 Codec Exception: Type 0 is not supported at this time.
2010-07-13 11:40:39,424 ERROR File IU-GNI_4-20100712184401: Can't decompress data of block 1214, setting block data to 0: edu.iris.Fissures.FissuresException: IDL:iris.edu/Fissures/FissuresException:1.0 Codec Exception: Type 0 is not supported at this time.
2010-07-13 11:40:39,424 ERROR File IU-GNI_4-20100712184401: Can't decompress data of block 1215, setting block data to 0: edu.iris.Fissures.FissuresException: IDL:iris.edu/Fissures/FissuresException:1.0 Codec Exception: Type 0 is not supported at this time.
2010-07-13 11:40:39,424 ERROR File IU-GNI_4-20100712184401: Can't decompress data of block 1216, setting block data to 0: edu.iris.Fissures.FissuresException: IDL:iris.edu/Fissures/FissuresException:1.0 Codec Exception: Type 0 is not supported at this time.
2010-07-13 11:40:39,425 ERROR File IU-GNI_4-20100712184401: Can't decompress data of block 1217, setting block data to 0: edu.iris.Fissures.FissuresException: IDL:iris.edu/Fissures/FissuresException:1.0 Codec Exception: Type 0 is not supported at this time.
2010-07-13 11:40:39,425 ERROR File IU-GNI_4-20100712184401: Can't decompress data of block 1218, setting block data to 0: edu.iris.Fissures.FissuresException: IDL:iris.edu/Fissures/FissuresException:1.0 Codec Exception: Type 0 is not supported at this time.
2010-07-13 11:40:39,429 ERROR File IU-GNI_4-20100712184401: Can't decompress data of block 1219, setting block data to 0: edu.iris.Fissures.FissuresException: IDL:iris.edu/Fissures/FissuresException:1.0 Codec Exception: Type 0 is not supported at this time.
2010-07-13 11:40:39,430 ERROR File IU-GNI_4-20100712184401: Can't decompress data of block 1220, setting block data to 0: edu.iris.Fissures.FissuresException: IDL:iris.edu/Fissures/FissuresException:1.0 Codec Exception: Type 0 is not supported at this time.
2010-07-13 11:40:39,430 ERROR File IU-GNI_4-20100712184401: Can't decompress data of block 1221, setting block data to 0: edu.iris.Fissures.FissuresException: IDL:iris.edu/Fissures/FissuresException:1.0 Codec Exception: Type 0 is not supported at this time.
2010-07-13 11:40:39,431 ERROR File IU-GNI_4-20100712184401: Can't decompress data of block 1222, setting block data to 0: edu.iris.Fissures.FissuresException: IDL:iris.edu/Fissures/FissuresException:1.0 Codec Exception: Type 0 is not supported at this time.
2010-07-13 11:40:39,431 ERROR File IU-GNI_4-20100712184401: Can't decompress data of block 1223, setting block data to 0: edu.iris.Fissures.FissuresException: IDL:iris.edu/Fissures/FissuresException:1.0 Codec Exception: Type 0 is not supported at this time.
2010-07-13 11:40:39,431 ERROR File IU-GNI_4-20100712205919: Can't decompress data of block 1224, setting block data to 0: edu.iris.Fissures.FissuresException: IDL:iris.edu/Fissures/FissuresException:1.0 Codec Exception: Type 0 is not supported at this time.
2010-07-13 11:40:39,432 ERROR File IU-GNI_4-20100712205919: Can't decompress data of block 1225, setting block data to 0: edu.iris.Fissures.FissuresException: IDL:iris.edu/Fissures/FissuresException:1.0 Codec Exception: Type 0 is not supported at this time.
2010-07-13 11:40:39,432 ERROR File IU-GNI_4-20100712205919: Can't decompress data of block 1226, setting block data to 0: edu.iris.Fissures.FissuresException: IDL:iris.edu/Fissures/FissuresException:1.0 Codec Exception: Type 0 is not supported at this time.
2010-07-13 11:40:39,432 ERROR File IU-GNI_4-20100712205919: Can't decompress data of block 1227, setting block data to 0: edu.iris.Fissures.FissuresException: IDL:iris.edu/Fissures/FissuresException:1.0 Codec Exception: Type 0 is not supported at this time.
2010-07-13 11:40:39,433 ERROR File IU-GNI_4-20100712205919: Can't decompress data of block 1228, setting block data to 0: edu.iris.Fissures.FissuresException: IDL:iris.edu/Fissures/FissuresException:1.0 Codec Exception: Type 0 is not supported at this time.
2010-07-13 11:40:39,433 ERROR File IU-GNI_4-20100712205919: Can't decompress data of block 1229, setting block data to 0: edu.iris.Fissures.FissuresException: IDL:iris.edu/Fissures/FissuresException:1.0 Codec Exception: Type 0 is not supported at this time.
2010-07-13 11:40:39,433 ERROR File IU-GNI_4-20100712205919: Can't decompress data of block 1230, setting block data to 0: edu.iris.Fissures.FissuresException: IDL:iris.edu/Fissures/FissuresException:1.0 Codec Exception: Type 0 is not supported at this time.
2010-07-13 11:40:39,434 ERROR File IU-GNI_4-20100712205919: Can't decompress data of block 1231, setting block data to 0: edu.iris.Fissures.FissuresException: IDL:iris.edu/Fissures/FissuresException:1.0 Codec Exception: Type 0 is not supported at this time.
2010-07-13 11:40:39,434 ERROR File IU-GNI_4-20100712205919: Can't decompress data of block 1232, setting block data to 0: edu.iris.Fissures.FissuresException: IDL:iris.edu/Fissures/FissuresException:1.0 Codec Exception: Type 0 is not supported at this time.
2010-07-13 11:40:39,434 ERROR File IU-GNI_4-20100712205919: Can't decompress data of block 1233, setting block data to 0: edu.iris.Fissures.FissuresException: IDL:iris.edu/Fissures/FissuresException:1.0 Codec Exception: Type 0 is not supported at this time.
2010-07-13 11:40:39,446 ERROR File IU-GNI_4-20100712205919: Can't decompress data of block 1234, setting block data to 0: edu.iris.Fissures.FissuresException: IDL:iris.edu/Fissures/FissuresException:1.0 Codec Exception: Type 0 is not supported at this time.
2010-07-13 11:40:39,446 ERROR File IU-GNI_4-20100712205919: Can't decompress data of block 1235, setting block data to 0: edu.iris.Fissures.FissuresException: IDL:iris.edu/Fissures/FissuresException:1.0 Codec Exception: Type 0 is not supported at this time.
2010-07-13 11:40:39,446 ERROR File IU-GNI_4-20100712205919: Can't decompress data of block 1236, setting block data to 0: edu.iris.Fissures.FissuresException: IDL:iris.edu/Fissures/FissuresException:1.0 Codec Exception: Type 0 is not supported at this time.
2010-07-13 11:40:39,447 ERROR File IU-GNI_4-20100712205919: Can't decompress data of block 1237, setting block data to 0: edu.iris.Fissures.FissuresException: IDL:iris.edu/Fissures/FissuresException:1.0 Codec Exception: Type 0 is not supported at this time.
2010-07-13 11:40:39,447 ERROR File IU-GNI_4-20100712205919: Can't decompress data of block 1238, setting block data to 0: edu.iris.Fissures.FissuresException: IDL:iris.edu/Fissures/FissuresException:1.0 Codec Exception: Type 0 is not supported at this time.
2010-07-13 11:40:39,447 ERROR File IU-GNI_4-20100712205919: Can't decompress data of block 1239, setting block data to 0: edu.iris.Fissures.FissuresException: IDL:iris.edu/Fissures/FissuresException:1.0 Codec Exception: Type 0 is not supported at this time.
2010-07-13 11:40:39,448 ERROR File IU-GNI_4-20100712205919: Can't decompress data of block 1240, setting block data to 0: edu.iris.Fissures.FissuresException: IDL:iris.edu/Fissures/FissuresException:1.0 Codec Exception: Type 0 is not supported at this time.
2010-07-13 11:40:39,448 ERROR File IU-GNI_4-20100712205919: Can't decompress data of block 1241, setting block data to 0: edu.iris.Fissures.FissuresException: IDL:iris.edu/Fissures/FissuresException:1.0 Codec Exception: Type 0 is not supported at this time.
2010-07-13 11:40:39,448 ERROR File IU-GNI_4-20100712205919: Can't decompress data of block 1242, setting block data to 0: edu.iris.Fissures.FissuresException: IDL:iris.edu/Fissures/FissuresException:1.0 Codec Exception: Type 0 is not supported at this time.
2010-07-13 11:40:39,449 ERROR File IU-GNI_4-20100712205919: Can't decompress data of block 1243, setting block data to 0: edu.iris.Fissures.FissuresException: IDL:iris.edu/Fissures/FissuresException:1.0 Codec Exception: Type 0 is not supported at this time.
2010-07-13 11:40:39,449 ERROR File IU-GNI_4-20100712205919: Can't decompress data of block 1244, setting block data to 0: edu.iris.Fissures.FissuresException: IDL:iris.edu/Fissures/FissuresException:1.0 Codec Exception: Type 0 is not supported at this time.
2010-07-13 11:40:39,457 ERROR File IU-GNI_4-20100712205919: Can't decompress data of block 1245, setting block data to 0: edu.iris.Fissures.FissuresException: IDL:iris.edu/Fissures/FissuresException:1.0 Codec Exception: Type 0 is not supported at this time.
2010-07-13 11:40:39,458 ERROR File IU-GNI_4-20100712205919: Can't decompress data of block 1246, setting block data to 0: edu.iris.Fissures.FissuresException: IDL:iris.edu/Fissures/FissuresException:1.0 Codec Exception: Type 0 is not supported at this time.
2010-07-13 11:40:39,458 ERROR File IU-GNI_4-20100712205919: Can't decompress data of block 1247, setting block data to 0: edu.iris.Fissures.FissuresException: IDL:iris.edu/Fissures/FissuresException:1.0 Codec Exception: Type 0 is not supported at this time.
2010-07-13 11:40:39,458 ERROR File IU-GNI_4-20100712205919: Can't decompress data of block 1248, setting block data to 0: edu.iris.Fissures.FissuresException: IDL:iris.edu/Fissures/FissuresException:1.0 Codec Exception: Type 0 is not supported at this time.
2010-07-13 11:40:39,470 ERROR File IU-GNI_4-20100712205919: Can't decompress data of block 1249, setting block data to 0: edu.iris.Fissures.FissuresException: IDL:iris.edu/Fissures/FissuresException:1.0 Codec Exception: Type 0 is not supported at this time.
2010-07-13 11:40:39,470 ERROR File IU-GNI_4-20100712205919: Can't decompress data of block 1250, setting block data to 0: edu.iris.Fissures.FissuresException: IDL:iris.edu/Fissures/FissuresException:1.0 Codec Exception: Type 0 is not supported at this time.
2010-07-13 11:40:39,470 ERROR File IU-GNI_4-20100712205919: Can't decompress data of block 1251, setting block data to 0: edu.iris.Fissures.FissuresException: IDL:iris.edu/Fissures/FissuresException:1.0 Codec Exception: Type 0 is not supported at this time.
2010-07-13 11:40:39,471 ERROR File IU-GNI_4-20100712205919: Can't decompress data of block 1252, setting block data to 0: edu.iris.Fissures.FissuresException: IDL:iris.edu/Fissures/FissuresException:1.0 Codec Exception: Type 0 is not supported at this time.
2010-07-13 11:40:39,471 ERROR File IU-GNI_4-20100712225408: Can't decompress data of block 1253, setting block data to 0: edu.iris.Fissures.FissuresException: IDL:iris.edu/Fissures/FissuresException:1.0 Codec Exception: Type 0 is not supported at this time.
2010-07-13 11:40:39,471 ERROR File IU-GNI_4-20100712225408: Can't decompress data of block 1254, setting block data to 0: edu.iris.Fissures.FissuresException: IDL:iris.edu/Fissures/FissuresException:1.0 Codec Exception: Type 0 is not supported at this time.
2010-07-13 11:40:39,472 ERROR File IU-GNI_4-20100712225408: Can't decompress data of block 1255, setting block data to 0: edu.iris.Fissures.FissuresException: IDL:iris.edu/Fissures/FissuresException:1.0 Codec Exception: Type 0 is not supported at this time.
2010-07-13 11:40:39,472 ERROR File IU-GNI_4-20100712225408: Can't decompress data of block 1256, setting block data to 0: edu.iris.Fissures.FissuresException: IDL:iris.edu/Fissures/FissuresException:1.0 Codec Exception: Type 0 is not supported at this time.
2010-07-13 11:40:39,473 ERROR File IU-GNI_4-20100712225408: Can't decompress data of block 1257, setting block data to 0: edu.iris.Fissures.FissuresException: IDL:iris.edu/Fissures/FissuresException:1.0 Codec Exception: Type 0 is not supported at this time.
2010-07-13 11:40:39,473 ERROR File IU-GNI_4-20100712225408: Can't decompress data of block 1258, setting block data to 0: edu.iris.Fissures.FissuresException: IDL:iris.edu/Fissures/FissuresException:1.0 Codec Exception: Type 0 is not supported at this time.
2010-07-13 11:40:39,473 ERROR File IU-GNI_4-20100712225408: Can't decompress data of block 1259, setting block data to 0: edu.iris.Fissures.FissuresException: IDL:iris.edu/Fissures/FissuresException:1.0 Codec Exception: Type 0 is not supported at this time.
2010-07-13 11:40:39,474 ERROR File IU-GNI_4-20100712225408: Can't decompress data of block 1260, setting block data to 0: edu.iris.Fissures.FissuresException: IDL:iris.edu/Fissures/FissuresException:1.0 Codec Exception: Type 0 is not supported at this time.
2010-07-13 11:40:39,474 ERROR File IU-GNI_4-20100712225408: Can't decompress data of block 1261, setting block data to 0: edu.iris.Fissures.FissuresException: IDL:iris.edu/Fissures/FissuresException:1.0 Codec Exception: Type 0 is not supported at this time.
2010-07-13 11:40:39,474 ERROR File IU-GNI_4-20100712225408: Can't decompress data of block 1262, setting block data to 0: edu.iris.Fissures.FissuresException: IDL:iris.edu/Fissures/FissuresException:1.0 Codec Exception: Type 0 is not supported at this time.
2010-07-13 11:40:39,475 ERROR File IU-GNI_4-20100712225408: Can't decompress data of block 1263, setting block data to 0: edu.iris.Fissures.FissuresException: IDL:iris.edu/Fissures/FissuresException:1.0 Codec Exception: Type 0 is not supported at this time.
2010-07-13 11:40:39,480 ERROR File IU-GNI_4-20100712225408: Can't decompress data of block 1264, setting block data to 0: edu.iris.Fissures.FissuresException: IDL:iris.edu/Fissures/FissuresException:1.0 Codec Exception: Type 0 is not supported at this time.
2010-07-13 11:40:39,481 ERROR File IU-GNI_4-20100712225408: Can't decompress data of block 1265, setting block data to 0: edu.iris.Fissures.FissuresException: IDL:iris.edu/Fissures/FissuresException:1.0 Codec Exception: Type 0 is not supported at this time.
2010-07-13 11:40:39,481 ERROR File IU-GNI_4-20100712225408: Can't decompress data of block 1266, setting block data to 0: edu.iris.Fissures.FissuresException: IDL:iris.edu/Fissures/FissuresException:1.0 Codec Exception: Type 0 is not supported at this time.
2010-07-13 11:40:39,482 ERROR File IU-GNI_4-20100712225408: Can't decompress data of block 1267, setting block data to 0: edu.iris.Fissures.FissuresException: IDL:iris.edu/Fissures/FissuresException:1.0 Codec Exception: Type 0 is not supported at this time.
2010-07-13 11:40:39,482 ERROR File IU-GNI_4-20100712225408: Can't decompress data of block 1268, setting block data to 0: edu.iris.Fissures.FissuresException: IDL:iris.edu/Fissures/FissuresException:1.0 Codec Exception: Type 0 is not supported at this time.
2010-07-13 11:40:39,483 ERROR File IU-GNI_4-20100712225408: Can't decompress data of block 1269, setting block data to 0: edu.iris.Fissures.FissuresException: IDL:iris.edu/Fissures/FissuresException:1.0 Codec Exception: Type 0 is not supported at this time.
2010-07-13 11:40:39,483 ERROR File IU-GNI_4-20100712225408: Can't decompress data of block 1270, setting block data to 0: edu.iris.Fissures.FissuresException: IDL:iris.edu/Fissures/FissuresException:1.0 Codec Exception: Type 0 is not supported at this time.
2010-07-13 11:40:39,483 ERROR File IU-GNI_4-20100712225408: Can't decompress data of block 1271, setting block data to 0: edu.iris.Fissures.FissuresException: IDL:iris.edu/Fissures/FissuresException:1.0 Codec Exception: Type 0 is not supported at this time.
2010-07-13 11:40:39,484 ERROR File IU-GNI_4-20100712225408: Can't decompress data of block 1272, setting block data to 0: edu.iris.Fissures.FissuresException: IDL:iris.edu/Fissures/FissuresException:1.0 Codec Exception: Type 0 is not supported at this time.
2010-07-13 11:40:39,484 ERROR File IU-GNI_4-20100712225408: Can't decompress data of block 1273, setting block data to 0: edu.iris.Fissures.FissuresException: IDL:iris.edu/Fissures/FissuresException:1.0 Codec Exception: Type 0 is not supported at this time.
2010-07-13 11:40:39,484 ERROR File IU-GNI_4-20100712225408: Can't decompress data of block 1274, setting block data to 0: edu.iris.Fissures.FissuresException: IDL:iris.edu/Fissures/FissuresException:1.0 Codec Exception: Type 0 is not supported at this time.
2010-07-13 11:40:39,485 ERROR File IU-GNI_4-20100712225408: Can't decompress data of block 1275, setting block data to 0: edu.iris.Fissures.FissuresException: IDL:iris.edu/Fissures/FissuresException:1.0 Codec Exception: Type 0 is not supported at this time.
2010-07-13 11:40:39,485 ERROR File IU-GNI_4-20100712225408: Can't decompress data of block 1276, setting block data to 0: edu.iris.Fissures.FissuresException: IDL:iris.edu/Fissures/FissuresException:1.0 Codec Exception: Type 0 is not supported at this time.
2010-07-13 11:40:39,485 ERROR File IU-GNI_4-20100712225408: Can't decompress data of block 1277, setting block data to 0: edu.iris.Fissures.FissuresException: IDL:iris.edu/Fissures/FissuresException:1.0 Codec Exception: Type 0 is not supported at this time.
2010-07-13 11:40:39,501 ERROR File IU-GNI_4-20100712225408: Can't decompress data of block 1278, setting block data to 0: edu.iris.Fissures.FissuresException: IDL:iris.edu/Fissures/FissuresException:1.0 Codec Exception: Type 0 is not supported at this time.
2010-07-13 11:40:39,501 ERROR File IU-GNI_4-20100713003048: Can't decompress data of block 1279, setting block data to 0: edu.iris.Fissures.FissuresException: IDL:iris.edu/Fissures/FissuresException:1.0 Codec Exception: Type 0 is not supported at this time.
2010-07-13 11:40:39,502 ERROR File IU-GNI_4-20100713003048: Can't decompress data of block 1280, setting block data to 0: edu.iris.Fissures.FissuresException: IDL:iris.edu/Fissures/FissuresException:1.0 Codec Exception: Type 0 is not supported at this time.
2010-07-13 11:40:39,502 ERROR File IU-GNI_4-20100713003048: Can't decompress data of block 1281, setting block data to 0: edu.iris.Fissures.FissuresException: IDL:iris.edu/Fissures/FissuresException:1.0 Codec Exception: Type 0 is not supported at this time.
2010-07-13 11:40:39,502 ERROR File IU-GNI_4-20100713003048: Can't decompress data of block 1282, setting block data to 0: edu.iris.Fissures.FissuresException: IDL:iris.edu/Fissures/FissuresException:1.0 Codec Exception: Type 0 is not supported at this time.
2010-07-13 11:40:39,503 ERROR File IU-GNI_4-20100713003048: Can't decompress data of block 1283, setting block data to 0: edu.iris.Fissures.FissuresException: IDL:iris.edu/Fissures/FissuresException:1.0 Codec Exception: Type 0 is not supported at this time.
2010-07-13 11:40:39,503 ERROR File IU-GNI_4-20100713003048: Can't decompress data of block 1284, setting block data to 0: edu.iris.Fissures.FissuresException: IDL:iris.edu/Fissures/FissuresException:1.0 Codec Exception: Type 0 is not supported at this time.
2010-07-13 11:40:39,503 ERROR File IU-GNI_4-20100713003048: Can't decompress data of block 1285, setting block data to 0: edu.iris.Fissures.FissuresException: IDL:iris.edu/Fissures/FissuresException:1.0 Codec Exception: Type 0 is not supported at this time.
2010-07-13 11:40:39,504 ERROR File IU-GNI_4-20100713003048: Can't decompress data of block 1286, setting block data to 0: edu.iris.Fissures.FissuresException: IDL:iris.edu/Fissures/FissuresException:1.0 Codec Exception: Type 0 is not supported at this time.
2010-07-13 11:40:39,504 ERROR File IU-GNI_4-20100713003048: Can't decompress data of block 1287, setting block data to 0: edu.iris.Fissures.FissuresException: IDL:iris.edu/Fissures/FissuresException:1.0 Codec Exception: Type 0 is not supported at this time.
2010-07-13 11:40:39,504 ERROR File IU-GNI_4-20100713003048: Can't decompress data of block 1288, setting block data to 0: edu.iris.Fissures.FissuresException: IDL:iris.edu/Fissures/FissuresException:1.0 Codec Exception: Type 0 is not supported at this time.
2010-07-13 11:40:39,505 ERROR File IU-GNI_4-20100713003048: Can't decompress data of block 1289, setting block data to 0: edu.iris.Fissures.FissuresException: IDL:iris.edu/Fissures/FissuresException:1.0 Codec Exception: Type 0 is not supported at this time.
2010-07-13 11:40:39,505 ERROR File IU-GNI_4-20100713003048: Can't decompress data of block 1290, setting block data to 0: edu.iris.Fissures.FissuresException: IDL:iris.edu/Fissures/FissuresException:1.0 Codec Exception: Type 0 is not supported at this time.
2010-07-13 11:40:39,505 ERROR File IU-GNI_4-20100713003048: Can't decompress data of block 1291, setting block data to 0: edu.iris.Fissures.FissuresException: IDL:iris.edu/Fissures/FissuresException:1.0 Codec Exception: Type 0 is not supported at this time.
2010-07-13 11:40:39,506 ERROR File IU-GNI_4-20100713003048: Can't decompress data of block 1292, setting block data to 0: edu.iris.Fissures.FissuresException: IDL:iris.edu/Fissures/FissuresException:1.0 Codec Exception: Type 0 is not supported at this time.
2010-07-13 11:40:39,523 ERROR File IU-GNI_4-20100713003048: Can't decompress data of block 1293, setting block data to 0: edu.iris.Fissures.FissuresException: IDL:iris.edu/Fissures/FissuresException:1.0 Codec Exception: Type 0 is not supported at this time.
2010-07-13 11:40:39,524 ERROR File IU-GNI_4-20100713003048: Can't decompress data of block 1294, setting block data to 0: edu.iris.Fissures.FissuresException: IDL:iris.edu/Fissures/FissuresException:1.0 Codec Exception: Type 0 is not supported at this time.
2010-07-13 11:40:39,524 ERROR File IU-GNI_4-20100713003048: Can't decompress data of block 1295, setting block data to 0: edu.iris.Fissures.FissuresException: IDL:iris.edu/Fissures/FissuresException:1.0 Codec Exception: Type 0 is not supported at this time.
2010-07-13 11:40:39,524 ERROR File IU-GNI_4-20100713003048: Can't decompress data of block 1296, setting block data to 0: edu.iris.Fissures.FissuresException: IDL:iris.edu/Fissures/FissuresException:1.0 Codec Exception: Type 0 is not supported at this time.
2010-07-13 11:40:39,524 ERROR File IU-GNI_4-20100713003048: Can't decompress data of block 1297, setting block data to 0: edu.iris.Fissures.FissuresException: IDL:iris.edu/Fissures/FissuresException:1.0 Codec Exception: Type 0 is not supported at this time.
2010-07-13 11:40:39,525 ERROR File IU-GNI_4-20100713003048: Can't decompress data of block 1298, setting block data to 0: edu.iris.Fissures.FissuresException: IDL:iris.edu/Fissures/FissuresException:1.0 Codec Exception: Type 0 is not supported at this time.
2010-07-13 11:40:39,525 ERROR File IU-GNI_4-20100713003048: Can't decompress data of block 1299, setting block data to 0: edu.iris.Fissures.FissuresException: IDL:iris.edu/Fissures/FissuresException:1.0 Codec Exception: Type 0 is not supported at this time.
2010-07-13 11:40:39,525 ERROR File IU-GNI_4-20100713003048: Can't decompress data of block 1300, setting block data to 0: edu.iris.Fissures.FissuresException: IDL:iris.edu/Fissures/FissuresException:1.0 Codec Exception: Type 0 is not supported at this time.
2010-07-13 11:40:39,526 ERROR File IU-GNI_4-20100713003048: Can't decompress data of block 1301, setting block data to 0: edu.iris.Fissures.FissuresException: IDL:iris.edu/Fissures/FissuresException:1.0 Codec Exception: Type 0 is not supported at this time.
2010-07-13 11:40:39,526 ERROR File IU-GNI_4-20100713003048: Can't decompress data of block 1302, setting block data to 0: edu.iris.Fissures.FissuresException: IDL:iris.edu/Fissures/FissuresException:1.0 Codec Exception: Type 0 is not supported at this time.
2010-07-13 11:40:39,527 ERROR File IU-GNI_4-20100713021556: Can't decompress data of block 1303, setting block data to 0: edu.iris.Fissures.FissuresException: IDL:iris.edu/Fissures/FissuresException:1.0 Codec Exception: Type 0 is not supported at this time.
2010-07-13 11:40:39,527 ERROR File IU-GNI_4-20100713021556: Can't decompress data of block 1304, setting block data to 0: edu.iris.Fissures.FissuresException: IDL:iris.edu/Fissures/FissuresException:1.0 Codec Exception: Type 0 is not supported at this time.
2010-07-13 11:40:39,527 ERROR File IU-GNI_4-20100713021556: Can't decompress data of block 1305, setting block data to 0: edu.iris.Fissures.FissuresException: IDL:iris.edu/Fissures/FissuresException:1.0 Codec Exception: Type 0 is not supported at this time.
2010-07-13 11:40:39,528 ERROR File IU-GNI_4-20100713021556: Can't decompress data of block 1306, setting block data to 0: edu.iris.Fissures.FissuresException: IDL:iris.edu/Fissures/FissuresException:1.0 Codec Exception: Type 0 is not supported at this time.
2010-07-13 11:40:39,528 ERROR File IU-GNI_4-20100713021556: Can't decompress data of block 1307, setting block data to 0: edu.iris.Fissures.FissuresException: IDL:iris.edu/Fissures/FissuresException:1.0 Codec Exception: Type 0 is not supported at this time.
2010-07-13 11:40:39,547 ERROR File IU-GNI_4-20100713021556: Can't decompress data of block 1308, setting block data to 0: edu.iris.Fissures.FissuresException: IDL:iris.edu/Fissures/FissuresException:1.0 Codec Exception: Type 0 is not supported at this time.
2010-07-13 11:40:39,547 ERROR File IU-GNI_4-20100713021556: Can't decompress data of block 1309, setting block data to 0: edu.iris.Fissures.FissuresException: IDL:iris.edu/Fissures/FissuresException:1.0 Codec Exception: Type 0 is not supported at this time.
2010-07-13 11:40:39,548 ERROR File IU-GNI_4-20100713021556: Can't decompress data of block 1310, setting block data to 0: edu.iris.Fissures.FissuresException: IDL:iris.edu/Fissures/FissuresException:1.0 Codec Exception: Type 0 is not supported at this time.
2010-07-13 11:40:39,548 ERROR File IU-GNI_4-20100713021556: Can't decompress data of block 1311, setting block data to 0: edu.iris.Fissures.FissuresException: IDL:iris.edu/Fissures/FissuresException:1.0 Codec Exception: Type 0 is not supported at this time.
2010-07-13 11:40:39,548 ERROR File IU-GNI_4-20100713021556: Can't decompress data of block 1312, setting block data to 0: edu.iris.Fissures.FissuresException: IDL:iris.edu/Fissures/FissuresException:1.0 Codec Exception: Type 0 is not supported at this time.
2010-07-13 11:40:39,549 ERROR File IU-GNI_4-20100713021556: Can't decompress data of block 1313, setting block data to 0: edu.iris.Fissures.FissuresException: IDL:iris.edu/Fissures/FissuresException:1.0 Codec Exception: Type 0 is not supported at this time.
2010-07-13 11:40:39,549 ERROR File IU-GNI_4-20100713021556: Can't decompress data of block 1314, setting block data to 0: edu.iris.Fissures.FissuresException: IDL:iris.edu/Fissures/FissuresException:1.0 Codec Exception: Type 0 is not supported at this time.
2010-07-13 11:40:39,549 ERROR File IU-GNI_4-20100713021556: Can't decompress data of block 1315, setting block data to 0: edu.iris.Fissures.FissuresException: IDL:iris.edu/Fissures/FissuresException:1.0 Codec Exception: Type 0 is not supported at this time.
2010-07-13 11:40:39,550 ERROR File IU-GNI_4-20100713021556: Can't decompress data of block 1316, setting block data to 0: edu.iris.Fissures.FissuresException: IDL:iris.edu/Fissures/FissuresException:1.0 Codec Exception: Type 0 is not supported at this time.
2010-07-13 11:40:39,550 ERROR File IU-GNI_4-20100713021556: Can't decompress data of block 1317, setting block data to 0: edu.iris.Fissures.FissuresException: IDL:iris.edu/Fissures/FissuresException:1.0 Codec Exception: Type 0 is not supported at this time.
2010-07-13 11:40:39,550 ERROR File IU-GNI_4-20100713021556: Can't decompress data of block 1318, setting block data to 0: edu.iris.Fissures.FissuresException: IDL:iris.edu/Fissures/FissuresException:1.0 Codec Exception: Type 0 is not supported at this time.
2010-07-13 11:40:39,551 ERROR File IU-GNI_4-20100713021556: Can't decompress data of block 1319, setting block data to 0: edu.iris.Fissures.FissuresException: IDL:iris.edu/Fissures/FissuresException:1.0 Codec Exception: Type 0 is not supported at this time.
2010-07-13 11:40:39,551 ERROR File IU-GNI_4-20100713021556: Can't decompress data of block 1320, setting block data to 0: edu.iris.Fissures.FissuresException: IDL:iris.edu/Fissures/FissuresException:1.0 Codec Exception: Type 0 is not supported at this time.
2010-07-13 11:40:39,551 ERROR File IU-GNI_4-20100713021556: Can't decompress data of block 1321, setting block data to 0: edu.iris.Fissures.FissuresException: IDL:iris.edu/Fissures/FissuresException:1.0 Codec Exception: Type 0 is not supported at this time.
2010-07-13 11:40:39,552 ERROR File IU-GNI_4-20100713021556: Can't decompress data of block 1322, setting block data to 0: edu.iris.Fissures.FissuresException: IDL:iris.edu/Fissures/FissuresException:1.0 Codec Exception: Type 0 is not supported at this time.
2010-07-13 11:40:39,568 ERROR File IU-GNI_4-20100713021556: Can't decompress data of block 1323, setting block data to 0: edu.iris.Fissures.FissuresException: IDL:iris.edu/Fissures/FissuresException:1.0 Codec Exception: Type 0 is not supported at this time.
2010-07-13 11:40:39,569 ERROR File IU-GNI_4-20100713021556: Can't decompress data of block 1324, setting block data to 0: edu.iris.Fissures.FissuresException: IDL:iris.edu/Fissures/FissuresException:1.0 Codec Exception: Type 0 is not supported at this time.
2010-07-13 11:40:39,570 ERROR File IU-GNI_4-20100713034855: Can't decompress data of block 1325, setting block data to 0: edu.iris.Fissures.FissuresException: IDL:iris.edu/Fissures/FissuresException:1.0 Codec Exception: Type 0 is not supported at this time.
2010-07-13 11:40:39,571 ERROR File IU-GNI_4-20100713034855: Can't decompress data of block 1326, setting block data to 0: edu.iris.Fissures.FissuresException: IDL:iris.edu/Fissures/FissuresException:1.0 Codec Exception: Type 0 is not supported at this time.
2010-07-13 11:40:39,571 ERROR File IU-GNI_4-20100713034855: Can't decompress data of block 1327, setting block data to 0: edu.iris.Fissures.FissuresException: IDL:iris.edu/Fissures/FissuresException:1.0 Codec Exception: Type 0 is not supported at this time.
2010-07-13 11:40:39,571 ERROR File IU-GNI_4-20100713034855: Can't decompress data of block 1328, setting block data to 0: edu.iris.Fissures.FissuresException: IDL:iris.edu/Fissures/FissuresException:1.0 Codec Exception: Type 0 is not supported at this time.
2010-07-13 11:40:39,572 ERROR File IU-GNI_4-20100713034855: Can't decompress data of block 1329, setting block data to 0: edu.iris.Fissures.FissuresException: IDL:iris.edu/Fissures/FissuresException:1.0 Codec Exception: Type 0 is not supported at this time.
2010-07-13 11:40:39,572 ERROR File IU-GNI_4-20100713034855: Can't decompress data of block 1330, setting block data to 0: edu.iris.Fissures.FissuresException: IDL:iris.edu/Fissures/FissuresException:1.0 Codec Exception: Type 0 is not supported at this time.
2010-07-13 11:40:39,572 ERROR File IU-GNI_4-20100713034855: Can't decompress data of block 1331, setting block data to 0: edu.iris.Fissures.FissuresException: IDL:iris.edu/Fissures/FissuresException:1.0 Codec Exception: Type 0 is not supported at this time.
2010-07-13 11:40:39,573 ERROR File IU-GNI_4-20100713034855: Can't decompress data of block 1332, setting block data to 0: edu.iris.Fissures.FissuresException: IDL:iris.edu/Fissures/FissuresException:1.0 Codec Exception: Type 0 is not supported at this time.
2010-07-13 11:40:39,573 ERROR File IU-GNI_4-20100713034855: Can't decompress data of block 1333, setting block data to 0: edu.iris.Fissures.FissuresException: IDL:iris.edu/Fissures/FissuresException:1.0 Codec Exception: Type 0 is not supported at this time.
2010-07-13 11:40:39,573 ERROR File IU-GNI_4-20100713034855: Can't decompress data of block 1334, setting block data to 0: edu.iris.Fissures.FissuresException: IDL:iris.edu/Fissures/FissuresException:1.0 Codec Exception: Type 0 is not supported at this time.
2010-07-13 11:40:39,574 ERROR File IU-GNI_4-20100713034855: Can't decompress data of block 1335, setting block data to 0: edu.iris.Fissures.FissuresException: IDL:iris.edu/Fissures/FissuresException:1.0 Codec Exception: Type 0 is not supported at this time.
2010-07-13 11:40:39,574 ERROR File IU-GNI_4-20100713034855: Can't decompress data of block 1336, setting block data to 0: edu.iris.Fissures.FissuresException: IDL:iris.edu/Fissures/FissuresException:1.0 Codec Exception: Type 0 is not supported at this time.
2010-07-13 11:40:39,591 ERROR File IU-GNI_4-20100713034855: Can't decompress data of block 1337, setting block data to 0: edu.iris.Fissures.FissuresException: IDL:iris.edu/Fissures/FissuresException:1.0 Codec Exception: Type 0 is not supported at this time.
2010-07-13 11:40:39,592 ERROR File IU-GNI_4-20100713034855: Can't decompress data of block 1338, setting block data to 0: edu.iris.Fissures.FissuresException: IDL:iris.edu/Fissures/FissuresException:1.0 Codec Exception: Type 0 is not supported at this time.
2010-07-13 11:40:39,592 ERROR File IU-GNI_4-20100713034855: Can't decompress data of block 1339, setting block data to 0: edu.iris.Fissures.FissuresException: IDL:iris.edu/Fissures/FissuresException:1.0 Codec Exception: Type 0 is not supported at this time.
2010-07-13 11:40:39,592 ERROR File IU-GNI_4-20100713034855: Can't decompress data of block 1340, setting block data to 0: edu.iris.Fissures.FissuresException: IDL:iris.edu/Fissures/FissuresException:1.0 Codec Exception: Type 0 is not supported at this time.
2010-07-13 11:40:39,593 ERROR File IU-GNI_4-20100713034855: Can't decompress data of block 1341, setting block data to 0: edu.iris.Fissures.FissuresException: IDL:iris.edu/Fissures/FissuresException:1.0 Codec Exception: Type 0 is not supported at this time.
2010-07-13 11:40:39,593 ERROR File IU-GNI_4-20100713034855: Can't decompress data of block 1342, setting block data to 0: edu.iris.Fissures.FissuresException: IDL:iris.edu/Fissures/FissuresException:1.0 Codec Exception: Type 0 is not supported at this time.
2010-07-13 11:40:39,593 ERROR File IU-GNI_4-20100713034855: Can't decompress data of block 1343, setting block data to 0: edu.iris.Fissures.FissuresException: IDL:iris.edu/Fissures/FissuresException:1.0 Codec Exception: Type 0 is not supported at this time.
2010-07-13 11:40:40,008  WARN File IU-GNI_4-20100712225408: Skipping block 25 due to absence of data
2010-07-13 11:40:40,357  WARN File IU-GNI_4-20100713003048: Skipping block 9 due to absence of data
2010-07-13 11:40:40,359  WARN File IU-GNI_4-20100713003048: Skipping block 10 due to absence of data
2010-07-13 11:40:41,227  WARN File IU-GNI_4-20100712205919: Skipping block 24 due to absence of data
2010-07-13 11:40:42,431  WARN File IU-GNI_4-20100713003048: Skipping block 26 due to absence of data
2010-08-04 15:38:05,828  WARN Deleting PlotDataProvider: US/ISCO//ACE due to absence of data
2010-08-04 15:38:07,019 ERROR File US_ISCO__LOG.seed: Can't decompress data of block 569, setting block data to 0: edu.iris.Fissures.FissuresException: IDL:iris.edu/Fissures/FissuresException:1.0 Codec Exception: Type 0 is not supported at this time.
2010-08-04 15:46:52,539  WARN Deleting PlotDataProvider: US/ISCO//ACE due to absence of data
2010-08-04 15:46:53,565 ERROR File US_ISCO__LOG.seed: Can't decompress data of block 569, setting block data to 0: edu.iris.Fissures.FissuresException: IDL:iris.edu/Fissures/FissuresException:1.0 Codec Exception: Type 0 is not supported at this time.
2010-08-04 15:52:18,403  WARN Deleting PlotDataProvider: US/ISCO//ACE due to absence of data
2010-08-04 15:52:18,884 ERROR File US_ISCO__LOG.seed: Can't decompress data of block 569, setting block data to 0: edu.iris.Fissures.FissuresException: IDL:iris.edu/Fissures/FissuresException:1.0 Codec Exception: Type 0 is not supported at this time.
2010-08-12 08:21:58,338  INFO Parsing /home/jdedwards/DATA/wci/2010_223/00BH11008110000.seed
2010-08-12 08:21:58,338  INFO Parsing /home/jdedwards/DATA/wci/2010_223/00BH11008110000.seed
2010-08-12 13:14:47,927  WARN can't load class FilterBP, plug-in {PluginDescriptor: uid=com.isti.xmax.core@1.0.0} is not activated yet
2010-10-05 11:07:46,261  WARN Unknown file format: MA2.IU.BHZ.10.D.2010.276.0000
2010-10-05 11:07:47,721 ERROR Can't load picks: com.isti.xmax.XMAXException: Pick directory shouldn't be file
2010-10-05 11:28:08,653 ERROR Can't load picks: com.isti.xmax.XMAXException: Pick directory shouldn't be file
2010-10-07 08:33:15,862 ERROR Can't load picks: com.isti.xmax.XMAXException: Pick directory shouldn't be file
2010-10-07 08:33:17,942 ERROR File XX_HSS_00_HHZ.seed: Can't decompress data of block 432, setting block data to 0: edu.iris.Fissures.FissuresException: IDL:iris.edu/Fissures/FissuresException:1.0 Codec Exception: Number of samples decompressed doesn't match number in header: 639 != 667
2010-10-07 08:54:20,053 ERROR Can't load picks: com.isti.xmax.XMAXException: Pick directory shouldn't be file
2010-10-07 08:54:20,627 ERROR File XX_HSS_00_HHZ.seed: Can't decompress data of block 432, setting block data to 0: edu.iris.Fissures.FissuresException: IDL:iris.edu/Fissures/FissuresException:1.0 Codec Exception: Number of samples decompressed doesn't match number in header: 639 != 667
2010-10-13 08:16:16,782  WARN Deleting PlotDataProvider: XX/HSS//ACE due to absence of data
2010-10-13 08:16:16,800  WARN Deleting PlotDataProvider: XX/HSS//OCF due to absence of data
2010-10-13 08:16:18,484 ERROR Can't load picks: com.isti.xmax.XMAXException: Pick directory shouldn't be file
2010-10-13 08:16:27,873 ERROR File XX_HSS__LOG.seed: Can't decompress data of block 14, setting block data to 0: edu.iris.Fissures.FissuresException: IDL:iris.edu/Fissures/FissuresException:1.0 Codec Exception: Type 0 is not supported at this time.
2010-10-22 08:18:09,801 ERROR Can't load picks: com.isti.xmax.XMAXException: Pick directory shouldn't be file
2010-10-22 15:12:19,666 ERROR Can't load picks: com.isti.xmax.XMAXException: Pick directory shouldn't be file
